<?xml version="1.0" encoding="UTF-8"?>
<!-- Generated by org.testng.reporters.JUnitReportReporter -->
<testsuite hostname="LAPTOP-F14PKAM3" failures="0" tests="1" name="com.FirstTestNG.org.TestNG_One.InstaId" time="72.389" errors="0" timestamp="2022-05-21T12:17:31 IST" skipped="0">
  <testcase classname="com.FirstTestNG.org.TestNG_One.InstaId" name="loginID" time="72.389"/>
  <system-out/>
</testsuite> <!-- com.FirstTestNG.org.TestNG_One.InstaId -->
