<?xml version="1.0" encoding="UTF-8"?>
<!-- Generated by org.testng.reporters.JUnitReportReporter -->
<testsuite hostname="LAPTOP-F14PKAM3" failures="0" tests="1" name="com.FirstTestNG.org.TestNG_One.MouseOver1" time="8.407" errors="0" timestamp="2022-05-20T14:24:32 IST" skipped="0">
  <testcase classname="com.FirstTestNG.org.TestNG_One.MouseOver1" name="moving" time="8.407"/>
  <system-out/>
</testsuite> <!-- com.FirstTestNG.org.TestNG_One.MouseOver1 -->
