<?xml version="1.0" encoding="UTF-8"?>
<!-- Generated by org.testng.reporters.JUnitReportReporter -->
<testsuite hostname="LAPTOP-F14PKAM3" failures="0" tests="1" name="com.FirstTestNG.org.TestNG_One.logins" time="17.129" errors="0" timestamp="2022-05-21T12:17:31 IST" skipped="0">
  <testcase classname="com.FirstTestNG.org.TestNG_One.logins" name="login" time="17.129"/>
  <system-out/>
</testsuite> <!-- com.FirstTestNG.org.TestNG_One.logins -->
