<?xml version="1.0" encoding="UTF-8"?>
<!-- Generated by org.testng.reporters.JUnitReportReporter -->
<testsuite hostname="LAPTOP-F14PKAM3" failures="0" tests="1" name="com.FirstTestNG.org.TestNG_One.logins" time="11.664" errors="0" timestamp="2022-05-20T15:05:14 IST" skipped="0">
  <testcase classname="com.FirstTestNG.org.TestNG_One.logins" name="login" time="11.664"/>
  <system-out/>
</testsuite> <!-- com.FirstTestNG.org.TestNG_One.logins -->
